TN:
SF:src/Trabalho01Turma02.js
FN:2,(anonymous_0)
FN:7,(anonymous_1)
FN:11,(anonymous_2)
FN:12,(anonymous_3)
FN:15,(anonymous_4)
FN:16,(anonymous_5)
FN:19,(anonymous_6)
FN:20,(anonymous_7)
FN:23,(anonymous_8)
FN:27,(anonymous_9)
FN:31,(anonymous_10)
FN:32,(anonymous_11)
FN:35,(anonymous_12)
FN:36,(anonymous_13)
FN:39,(anonymous_14)
FN:43,(anonymous_15)
FN:54,(anonymous_16)
FN:64,(anonymous_17)
FN:65,(anonymous_18)
FN:68,(anonymous_19)
FN:69,(anonymous_20)
FN:72,(anonymous_21)
FN:76,(anonymous_22)
FN:80,(anonymous_23)
FN:81,(anonymous_24)
FN:84,(anonymous_25)
FN:85,(anonymous_26)
FN:88,(anonymous_27)
FN:95,(anonymous_28)
FN:96,(anonymous_29)
FNF:30
FNH:30
FNDA:27,(anonymous_0)
FNDA:32,(anonymous_1)
FNDA:1,(anonymous_2)
FNDA:2,(anonymous_3)
FNDA:24,(anonymous_4)
FNDA:19,(anonymous_5)
FNDA:2,(anonymous_6)
FNDA:6,(anonymous_7)
FNDA:3,(anonymous_8)
FNDA:20,(anonymous_9)
FNDA:1,(anonymous_10)
FNDA:2,(anonymous_11)
FNDA:9,(anonymous_12)
FNDA:11,(anonymous_13)
FNDA:3,(anonymous_14)
FNDA:8,(anonymous_15)
FNDA:6,(anonymous_16)
FNDA:5,(anonymous_17)
FNDA:5,(anonymous_18)
FNDA:1,(anonymous_19)
FNDA:1,(anonymous_20)
FNDA:1,(anonymous_21)
FNDA:1,(anonymous_22)
FNDA:2,(anonymous_23)
FNDA:6,(anonymous_24)
FNDA:2,(anonymous_25)
FNDA:6,(anonymous_26)
FNDA:2,(anonymous_27)
FNDA:2,(anonymous_28)
FNDA:6,(anonymous_29)
DA:3,27
DA:4,27
DA:8,32
DA:12,2
DA:16,24
DA:20,6
DA:24,3
DA:28,20
DA:32,2
DA:36,11
DA:40,3
DA:44,8
DA:45,8
DA:46,8
DA:47,5
DA:48,5
DA:49,5
DA:51,3
DA:55,6
DA:56,6
DA:57,2
DA:58,2
DA:59,2
DA:61,4
DA:65,5
DA:69,1
DA:73,1
DA:77,1
DA:81,6
DA:85,6
DA:89,2
DA:90,2
DA:91,1
DA:96,6
DA:100,1
LF:35
LH:35
BRDA:46,0,0,5
BRDA:46,0,1,3
BRDA:46,1,0,8
BRDA:46,1,1,7
BRDA:46,1,2,6
BRDA:56,2,0,2
BRDA:56,2,1,4
BRDA:56,3,0,6
BRDA:56,3,1,5
BRDA:90,4,0,1
BRDA:90,4,1,1
BRF:11
BRH:11
end_of_record
TN:
SF:src/banco.js
FN:2,(anonymous_0)
FN:9,(anonymous_1)
FN:16,(anonymous_2)
FN:26,(anonymous_3)
FN:33,(anonymous_4)
FN:38,(anonymous_5)
FN:43,(anonymous_6)
FN:48,(anonymous_7)
FN:56,(anonymous_8)
FN:64,(anonymous_9)
FN:71,(anonymous_10)
FN:73,(anonymous_11)
FN:74,(anonymous_12)
FNF:13
FNH:13
FNDA:15,(anonymous_0)
FNDA:6,(anonymous_1)
FNDA:7,(anonymous_2)
FNDA:2,(anonymous_3)
FNDA:10,(anonymous_4)
FNDA:3,(anonymous_5)
FNDA:2,(anonymous_6)
FNDA:4,(anonymous_7)
FNDA:1,(anonymous_8)
FNDA:2,(anonymous_9)
FNDA:1,(anonymous_10)
FNDA:2,(anonymous_11)
FNDA:2,(anonymous_12)
DA:3,15
DA:4,15
DA:5,15
DA:10,6
DA:11,6
DA:12,6
DA:17,7
DA:18,3
DA:20,4
DA:21,4
DA:22,4
DA:27,2
DA:28,1
DA:29,1
DA:34,10
DA:39,3
DA:44,2
DA:49,4
DA:50,2
DA:52,2
DA:57,1
DA:58,1
DA:59,1
DA:60,1
DA:65,2
DA:66,1
DA:67,1
DA:72,1
DA:73,2
DA:74,2
DA:79,1
LF:31
LH:31
BRDA:2,0,0,0
BRDA:17,1,0,3
BRDA:17,1,1,4
BRDA:49,2,0,2
BRDA:49,2,1,2
BRF:5
BRH:4
end_of_record
